2021-06-24 12:28:59,147 INFO [base.py(__init__:12)] - 正在调用driver： <selenium.webdriver.chrome.webdriver.WebDriver (session="a77ec5e673596c1935e5cbc48dbd29db")>
2021-06-24 12:28:59,152 INFO [page_mp_login.py(page_mp_login:29)] - 正在调用登录方法，密码为macro123
2021-06-24 12:28:59,152 INFO [base.py(base_find:17)] - 正在调用查找元素方法 元素为：('css selector', "[name='password']")
2021-06-24 12:28:59,168 INFO [base.py(base_input:37)] - 正在执行置空元素 ('css selector', "[name='password']") 操作
2021-06-24 12:28:59,205 INFO [base.py(base_input:40)] - 正在调用输入方法 元素为：('css selector', "[name='password']")，输入值为：macro123
2021-06-24 12:29:00,386 INFO [base.py(base_click:45)] - 正在调用点击元素 ('css selector', '.el-button--primary') 方法
2021-06-24 12:29:00,387 INFO [base.py(base_find:17)] - 正在调用查找元素方法 元素为：('css selector', '.el-button--primary')
2021-06-24 12:29:00,478 INFO [base.py(base_find:17)] - 正在调用查找元素方法 元素为：('css selector', '.layout-title')
2021-06-24 12:29:01,636 INFO [base.py(base_get_text:54)] - 正在调用获取文本方法,获取的元素为 ('css selector', '.layout-title'),获取文本值为 后台项目
2021-06-24 12:29:01,639 INFO [base.py(base_find:17)] - 正在调用查找元素方法 元素为：('css selector', '.layout-title')
2021-06-24 12:29:01,678 ERROR [test_mp_login.py(test_mp_login:30)] - 断言出错，输出错误信息 assert '后台项目!' == '后台项目'
  - 后台项目
  + 后台项目!
  ?     +
2021-06-24 12:29:01,678 ERROR [base.py(base_get_img:63)] - 断言出错了，正在调用截图方法
2021-06-24 12:29:02,241 ERROR [base.py(base_get_img:66)] - 正在将错误图片写入报告
2021-06-24 12:30:46,310 INFO [base.py(__init__:12)] - 正在调用driver： <selenium.webdriver.chrome.webdriver.WebDriver (session="6339393bd4e28fe0e8a71ffcb98584bf")>
2021-06-24 12:30:46,313 INFO [page_mp_login.py(page_mp_login:29)] - 正在调用登录方法，密码为macro123
2021-06-24 12:30:46,314 INFO [base.py(base_find:17)] - 正在调用查找元素方法 元素为：('css selector', "[name='password']")
2021-06-24 12:30:46,324 INFO [base.py(base_input:37)] - 正在执行置空元素 ('css selector', "[name='password']") 操作
2021-06-24 12:30:46,364 INFO [base.py(base_input:40)] - 正在调用输入方法 元素为：('css selector', "[name='password']")，输入值为：macro123
2021-06-24 12:30:47,506 INFO [base.py(base_click:45)] - 正在调用点击元素 ('css selector', '.el-button--primary') 方法
2021-06-24 12:30:47,506 INFO [base.py(base_find:17)] - 正在调用查找元素方法 元素为：('css selector', '.el-button--primary')
2021-06-24 12:30:47,563 INFO [base.py(base_find:17)] - 正在调用查找元素方法 元素为：('css selector', '.layout-title')
2021-06-24 12:30:48,155 INFO [base.py(base_get_text:54)] - 正在调用获取文本方法,获取的元素为 ('css selector', '.layout-title'),获取文本值为 后台项目
2021-06-24 12:30:48,156 INFO [base.py(base_find:17)] - 正在调用查找元素方法 元素为：('css selector', '.layout-title')
2021-06-24 12:30:48,173 ERROR [test_mp_login.py(test_mp_login:30)] - 断言出错，输出错误信息 assert '后台项目!' == '后台项目'
  - 后台项目
  + 后台项目!
  ?     +
2021-06-24 12:30:48,173 ERROR [base.py(base_get_img:63)] - 断言出错了，正在调用截图方法
2021-06-24 12:30:48,500 ERROR [base.py(base_get_img:66)] - 正在将错误图片写入报告
2021-06-24 12:37:17,394 INFO [base.py(__init__:12)] - 正在调用driver： <selenium.webdriver.chrome.webdriver.WebDriver (session="5b95f2f551d674adbc034051939b8b2a")>
2021-06-24 12:37:17,400 INFO [page_mp_login.py(page_mp_login:29)] - 正在调用登录方法，密码为macro123
2021-06-24 12:37:17,400 INFO [base.py(base_find:17)] - 正在调用查找元素方法 元素为：('css selector', "[name='password']")
2021-06-24 12:37:17,419 INFO [base.py(base_input:37)] - 正在执行置空元素 ('css selector', "[name='password']") 操作
2021-06-24 12:37:17,459 INFO [base.py(base_input:40)] - 正在调用输入方法 元素为：('css selector', "[name='password']")，输入值为：macro123
2021-06-24 12:37:18,623 INFO [base.py(base_click:45)] - 正在调用点击元素 ('css selector', '.el-button--primary') 方法
2021-06-24 12:37:18,623 INFO [base.py(base_find:17)] - 正在调用查找元素方法 元素为：('css selector', '.el-button--primary')
2021-06-24 12:37:18,679 INFO [base.py(base_find:17)] - 正在调用查找元素方法 元素为：('css selector', '.layout-title')
2021-06-24 12:37:19,260 INFO [base.py(base_get_text:54)] - 正在调用获取文本方法,获取的元素为 ('css selector', '.layout-title'),获取文本值为 后台项目
2021-06-24 12:37:19,261 INFO [base.py(base_find:17)] - 正在调用查找元素方法 元素为：('css selector', '.layout-title')
2021-06-24 12:37:19,279 ERROR [test_mp_login.py(test_mp_login:30)] - 断言出错，输出错误信息 assert '后台项目!' == '后台项目'
  - 后台项目
  + 后台项目!
  ?     +
2021-06-24 12:37:19,279 ERROR [base.py(base_get_img:63)] - 断言出错了，正在调用截图方法
2021-06-24 12:37:19,646 ERROR [base.py(base_get_img:66)] - 正在将错误图片写入报告
2021-06-24 12:51:53,747 INFO [base.py(__init__:12)] - 正在调用driver： <selenium.webdriver.chrome.webdriver.WebDriver (session="ba8eaea5dd855be6889d0d76991e4825")>
2021-06-24 12:51:53,753 INFO [page_mp_login.py(page_mp_login:29)] - 正在调用登录方法，密码为macro123
2021-06-24 12:51:53,753 INFO [base.py(base_find:17)] - 正在调用查找元素方法 元素为：('css selector', "[name='password']")
2021-06-24 12:51:53,767 INFO [base.py(base_input:37)] - 正在执行置空元素 ('css selector', "[name='password']") 操作
2021-06-24 12:51:53,829 INFO [base.py(base_input:40)] - 正在调用输入方法 元素为：('css selector', "[name='password']")，输入值为：macro123
2021-06-24 12:51:54,971 INFO [base.py(base_click:45)] - 正在调用点击元素 ('css selector', '.el-button--primary') 方法
2021-06-24 12:51:54,971 INFO [base.py(base_find:17)] - 正在调用查找元素方法 元素为：('css selector', '.el-button--primary')
2021-06-24 12:51:55,048 INFO [base.py(base_find:17)] - 正在调用查找元素方法 元素为：('css selector', '.layout-title')
2021-06-24 12:51:55,611 INFO [base.py(base_get_text:54)] - 正在调用获取文本方法,获取的元素为 ('css selector', '.layout-title'),获取文本值为 后台项目
2021-06-24 12:51:55,612 INFO [base.py(base_find:17)] - 正在调用查找元素方法 元素为：('css selector', '.layout-title')
2021-06-24 12:51:55,631 ERROR [test_mp_login.py(test_mp_login:30)] - 断言出错，输出错误信息 assert '后台项目!' == '后台项目'
  - 后台项目
  + 后台项目!
  ?     +
2021-06-24 12:51:55,631 ERROR [base.py(base_get_img:63)] - 断言出错了，正在调用截图方法
2021-06-24 12:51:56,030 ERROR [base.py(base_get_img:66)] - 正在将错误图片写入报告
2021-06-24 12:54:14,287 INFO [base.py(__init__:12)] - 正在调用driver： <selenium.webdriver.chrome.webdriver.WebDriver (session="0a4f2296925107c4e6d8761b33a1a2b5")>
2021-06-24 12:54:14,290 INFO [page_mp_login.py(page_mp_login:29)] - 正在调用登录方法，密码为macro123
2021-06-24 12:54:14,290 INFO [base.py(base_find:17)] - 正在调用查找元素方法 元素为：('css selector', "[name='password']")
2021-06-24 12:54:14,303 INFO [base.py(base_input:37)] - 正在执行置空元素 ('css selector', "[name='password']") 操作
2021-06-24 12:54:14,356 INFO [base.py(base_input:40)] - 正在调用输入方法 元素为：('css selector', "[name='password']")，输入值为：macro123
2021-06-24 12:54:15,489 INFO [base.py(base_click:45)] - 正在调用点击元素 ('css selector', '.el-button--primary') 方法
2021-06-24 12:54:15,490 INFO [base.py(base_find:17)] - 正在调用查找元素方法 元素为：('css selector', '.el-button--primary')
2021-06-24 12:54:15,573 INFO [base.py(base_find:17)] - 正在调用查找元素方法 元素为：('css selector', '.layout-title')
2021-06-24 12:54:18,182 INFO [base.py(base_get_text:54)] - 正在调用获取文本方法,获取的元素为 ('css selector', '.layout-title'),获取文本值为 后台项目
2021-06-24 12:54:18,183 INFO [base.py(base_find:17)] - 正在调用查找元素方法 元素为：('css selector', '.layout-title')
2021-06-24 12:54:18,222 ERROR [test_mp_login.py(test_mp_login:30)] - 断言出错，输出错误信息 assert '后台项目!' == '后台项目'
  - 后台项目
  + 后台项目!
  ?     +
2021-06-24 12:54:18,222 ERROR [base.py(base_get_img:63)] - 断言出错了，正在调用截图方法
2021-06-24 12:54:18,547 ERROR [base.py(base_get_img:66)] - 正在将错误图片写入报告
